<?xml version="1.0" encoding="UTF-8"?>
<robot generator="Robot 6.1.1 (Python 3.11.4 on win32)" generated="20230902 19:06:04.640" rpa="false" schemaversion="4">
<suite id="s1" name="Test" source="c:\Users\Carol Lemes\Documents\2. Cursos\robot-framework-web-mobile-desktop-api\web-sandbox-paypal\test\test.robot">
<test id="s1-t1" name="Crie uma conta no Sandbox Paypal" line="8">
<kw name="Abra o site do Sandbox Paypal" library="keywords" type="SETUP">
<kw name="New Browser" library="Browser">
<arg>headless=False</arg>
<tag>BrowserControl</tag>
<tag>Setter</tag>
<doc>Create a new playwright Browser with specified options.</doc>
<msg timestamp="20230902 19:06:05.676" level="INFO">{"browser": "chromium", "headless": false, "chromiumSandbox": false, "devtools": false, "handleSIGHUP": true, "handleSIGINT": true, "handleSIGTERM": true, "ignoreDefaultArgs": false, "slowMo": 0.0, "timeout": 30000.0, "tracesDir": "c:\\Users\\Carol Lemes\\Documents\\2. Cursos\\robot-framework-web-mobile-desktop-api\\browser\\traces\\71a0ec50-9352-4055-9814-78d10012244b"}</msg>
<msg timestamp="20230902 19:06:06.206" level="INFO">Successfully created browser with options: {"browser":"chromium","headless":false,"chromiumSandbox":false,"devtools":false,"handleSIGHUP":true,"handleSIGINT":true,"handleSIGTERM":true,"ignoreDefaultArgs":false,"slowMo":0,"timeout":30000,"tracesDir":"c:\\Users\\Carol Lemes\\Documents\\2. Cursos\\robot-framework-web-mobile-desktop-api\\browser\\traces\\71a0ec50-9352-4055-9814-78d10012244b"}</msg>
<status status="PASS" starttime="20230902 19:06:05.668" endtime="20230902 19:06:06.206"/>
</kw>
<kw name="New Context" library="Browser">
<arg>viewport={'width': 1200, 'height': 800}</arg>
<arg>bypassCSP=True</arg>
<tag>BrowserControl</tag>
<tag>Setter</tag>
<doc>Create a new BrowserContext with specified options.</doc>
<msg timestamp="20230902 19:06:06.214" level="INFO">{
  "acceptDownloads": true,
  "bypassCSP": true,
  "forcedColors": "none",
  "hideRfBrowser": "",
  "ignoreHTTPSErrors": false,
  "javaScriptEnabled": true,
  "offline": false,
  "reducedMotion": "no-preference",
  "serviceWorkers": "allow",
  "viewport": {
    "height": 800,
    "width": 1200
  }
}</msg>
<msg timestamp="20230902 19:06:06.236" level="INFO">Successfully created context. </msg>
<msg timestamp="20230902 19:06:06.236" level="INFO">{'acceptDownloads': True, 'bypassCSP': True, 'forcedColors': 'none', 'hideRfBrowser': '', 'ignoreHTTPSErrors': False, 'javaScriptEnabled': True, 'offline': False, 'reducedMotion': 'no-preference', 'serviceWorkers': 'allow', 'viewport': {'height': 800, 'width': 1200}}</msg>
<status status="PASS" starttime="20230902 19:06:06.206" endtime="20230902 19:06:06.236"/>
</kw>
<kw name="New Page" library="Browser">
<arg>url=${URL}</arg>
<tag>BrowserControl</tag>
<tag>Setter</tag>
<doc>Open a new Page.</doc>
<msg timestamp="20230902 19:06:07.926" level="INFO">Successfully initialized new page object and opened url: https://www.sandbox.paypal.com/</msg>
<status status="PASS" starttime="20230902 19:06:06.237" endtime="20230902 19:06:07.926"/>
</kw>
<kw name="Get Title" library="Browser">
<var>${title}</var>
<arg>==</arg>
<arg>Compras internacionais descomplicadas e muito mais | PayPal BR</arg>
<tag>Assertion</tag>
<tag>Getter</tag>
<tag>PageContent</tag>
<doc>Returns the title of the current page.</doc>
<msg timestamp="20230902 19:06:08.039" level="INFO">Title: 'Compras internacionais descomplicadas e muito mais | PayPal BR'</msg>
<msg timestamp="20230902 19:06:08.039" level="INFO">${title} = Compras internacionais descomplicadas e muito mais | PayPal BR</msg>
<status status="PASS" starttime="20230902 19:06:07.926" endtime="20230902 19:06:08.039"/>
</kw>
<status status="PASS" starttime="20230902 19:06:05.668" endtime="20230902 19:06:08.039"/>
</kw>
<kw name="Crie uma conta grátis" library="keywords">
<kw name="Click" library="Browser">
<arg>${BUTTON_CREATE_ACCOUNT}</arg>
<tag>PageContent</tag>
<tag>Setter</tag>
<doc>Simulates mouse click on the element found by ``selector``.</doc>
<msg timestamp="20230902 19:06:08.216" level="INFO">Highlighted 1 elements for 2000.</msg>
<status status="PASS" starttime="20230902 19:06:08.041" endtime="20230902 19:06:10.808"/>
</kw>
<kw name="Check Checkbox" library="Browser">
<arg>${CHECKBOX_FOR_ME}</arg>
<tag>PageContent</tag>
<tag>Setter</tag>
<doc>Checks the checkbox or selects radio button found by ``selector``.</doc>
<msg timestamp="20230902 19:06:11.067" level="INFO">Highlighted 1 elements for 2000.</msg>
<status status="PASS" starttime="20230902 19:06:10.808" endtime="20230902 19:06:13.083"/>
</kw>
<kw name="Click" library="Browser">
<arg>${BUTTON_FOR_ME_ACCOUNT_NEXT}</arg>
<tag>PageContent</tag>
<tag>Setter</tag>
<doc>Simulates mouse click on the element found by ``selector``.</doc>
<msg timestamp="20230902 19:06:13.146" level="INFO">Highlighted 1 elements for 2000.</msg>
<status status="PASS" starttime="20230902 19:06:13.083" endtime="20230902 19:06:15.873"/>
</kw>
<kw name="Generate Phone Number" library="phone-generator">
<var>${phone_number}</var>
<msg timestamp="20230902 19:06:15.873" level="INFO">${phone_number} = 52263974196</msg>
<status status="PASS" starttime="20230902 19:06:15.873" endtime="20230902 19:06:15.874"/>
</kw>
<kw name="Fill Text" library="Browser">
<arg>${INPUT_PHONE_NUMBER}</arg>
<arg>${phone_number}</arg>
<tag>PageContent</tag>
<tag>Setter</tag>
<doc>Clears and fills the given ``txt`` into the text field found by ``selector``.</doc>
<msg timestamp="20230902 19:06:15.880" level="INFO">Fills the text '52263974196' in the given field.</msg>
<msg timestamp="20230902 19:06:16.039" level="INFO">Highlighted 1 elements for 2000.</msg>
<status status="PASS" starttime="20230902 19:06:15.874" endtime="20230902 19:06:18.090"/>
</kw>
<kw name="Click" library="Browser">
<arg>${BUTTON_PHONE_ACCOUNT_NEXT}</arg>
<tag>PageContent</tag>
<tag>Setter</tag>
<doc>Simulates mouse click on the element found by ``selector``.</doc>
<msg timestamp="20230902 19:06:18.128" level="INFO">Highlighted 1 elements for 2000.</msg>
<status status="PASS" starttime="20230902 19:06:18.090" endtime="20230902 19:06:20.250"/>
</kw>
<kw name="Fill Text" library="Browser">
<arg>${INPUT_SMS_CODE}</arg>
<arg>111111</arg>
<tag>PageContent</tag>
<tag>Setter</tag>
<doc>Clears and fills the given ``txt`` into the text field found by ``selector``.</doc>
<msg timestamp="20230902 19:06:20.256" level="INFO">Fills the text '111111' in the given field.</msg>
<msg timestamp="20230902 19:06:21.112" level="INFO">Highlighted 1 elements for 2000.</msg>
<status status="PASS" starttime="20230902 19:06:20.251" endtime="20230902 19:06:23.164"/>
</kw>
<kw name="Email" library="FakerLibrary">
<var>${email}</var>
<msg timestamp="20230902 19:06:23.166" level="INFO">${email} = christensenlydia@example.org</msg>
<status status="PASS" starttime="20230902 19:06:23.165" endtime="20230902 19:06:23.166"/>
</kw>
<kw name="Set Test Variable" library="BuiltIn">
<arg>${EMAIL}</arg>
<arg>${email}</arg>
<doc>Makes a variable available everywhere within the scope of the current test.</doc>
<msg timestamp="20230902 19:06:23.166" level="INFO">${EMAIL} = christensenlydia@example.org</msg>
<status status="PASS" starttime="20230902 19:06:23.166" endtime="20230902 19:06:23.167"/>
</kw>
<kw name="Fill Text" library="Browser">
<arg>${INPUT_EMAIL}</arg>
<arg>${email}</arg>
<tag>PageContent</tag>
<tag>Setter</tag>
<doc>Clears and fills the given ``txt`` into the text field found by ``selector``.</doc>
<msg timestamp="20230902 19:06:23.179" level="INFO">Fills the text 'christensenlydia@example.org' in the given field.</msg>
<msg timestamp="20230902 19:06:24.046" level="INFO">Highlighted 1 elements for 2000.</msg>
<status status="PASS" starttime="20230902 19:06:23.167" endtime="20230902 19:06:26.109"/>
</kw>
<kw name="Fill Text" library="Browser">
<arg>${INPUT_NAME}</arg>
<arg>Nome Teste</arg>
<tag>PageContent</tag>
<tag>Setter</tag>
<doc>Clears and fills the given ``txt`` into the text field found by ``selector``.</doc>
<msg timestamp="20230902 19:06:26.114" level="INFO">Fills the text 'Nome Teste' in the given field.</msg>
<msg timestamp="20230902 19:06:26.164" level="INFO">Highlighted 1 elements for 2000.</msg>
<status status="PASS" starttime="20230902 19:06:26.110" endtime="20230902 19:06:28.248"/>
</kw>
<kw name="Fill Text" library="Browser">
<arg>${INPUT_LAST_NAME}</arg>
<arg>Sobrenome Teste</arg>
<tag>PageContent</tag>
<tag>Setter</tag>
<doc>Clears and fills the given ``txt`` into the text field found by ``selector``.</doc>
<msg timestamp="20230902 19:06:28.255" level="INFO">Fills the text 'Sobrenome Teste' in the given field.</msg>
<msg timestamp="20230902 19:06:28.324" level="INFO">Highlighted 1 elements for 2000.</msg>
<status status="PASS" starttime="20230902 19:06:28.249" endtime="20230902 19:06:30.399"/>
</kw>
<kw name="Fill Text" library="Browser">
<arg>${INPUT_MOTHER_NAME}</arg>
<arg>Nome Mãe</arg>
<tag>PageContent</tag>
<tag>Setter</tag>
<doc>Clears and fills the given ``txt`` into the text field found by ``selector``.</doc>
<msg timestamp="20230902 19:06:30.404" level="INFO">Fills the text 'Nome Mãe' in the given field.</msg>
<msg timestamp="20230902 19:06:30.450" level="INFO">Highlighted 1 elements for 2000.</msg>
<status status="PASS" starttime="20230902 19:06:30.399" endtime="20230902 19:06:32.523"/>
</kw>
<kw name="Fill Text" library="Browser">
<arg>${INPUT_LAST_MOTHER_NAME}</arg>
<arg>Sobrenome Mãe</arg>
<tag>PageContent</tag>
<tag>Setter</tag>
<doc>Clears and fills the given ``txt`` into the text field found by ``selector``.</doc>
<msg timestamp="20230902 19:06:32.529" level="INFO">Fills the text 'Sobrenome Mãe' in the given field.</msg>
<msg timestamp="20230902 19:06:32.584" level="INFO">Highlighted 1 elements for 2000.</msg>
<status status="PASS" starttime="20230902 19:06:32.524" endtime="20230902 19:06:34.649"/>
</kw>
<kw name="Fill Text" library="Browser">
<arg>${INPUT_BIRTH_DATE}</arg>
<arg>01012000</arg>
<tag>PageContent</tag>
<tag>Setter</tag>
<doc>Clears and fills the given ``txt`` into the text field found by ``selector``.</doc>
<msg timestamp="20230902 19:06:34.653" level="INFO">Fills the text '01012000' in the given field.</msg>
<msg timestamp="20230902 19:06:34.702" level="INFO">Highlighted 1 elements for 2000.</msg>
<status status="PASS" starttime="20230902 19:06:34.649" endtime="20230902 19:06:36.770"/>
</kw>
<kw name="Generate Cpf" library="cpf-generator">
<var>${cpf}</var>
<msg timestamp="20230902 19:06:36.771" level="INFO">${cpf} = 83365300880</msg>
<status status="PASS" starttime="20230902 19:06:36.771" endtime="20230902 19:06:36.771"/>
</kw>
<kw name="Fill Text" library="Browser">
<arg>${INPUT_CPF}</arg>
<arg>${cpf}</arg>
<tag>PageContent</tag>
<tag>Setter</tag>
<doc>Clears and fills the given ``txt`` into the text field found by ``selector``.</doc>
<msg timestamp="20230902 19:06:36.778" level="INFO">Fills the text '83365300880' in the given field.</msg>
<msg timestamp="20230902 19:06:36.836" level="INFO">Highlighted 1 elements for 2000.</msg>
<status status="PASS" starttime="20230902 19:06:36.771" endtime="20230902 19:06:38.894"/>
</kw>
<kw name="Password" library="FakerLibrary">
<var>${password}</var>
<doc>Generate a random password of the specified ``length``.</doc>
<msg timestamp="20230902 19:06:38.894" level="INFO">${password} = 0L4#D#Zc!L</msg>
<status status="PASS" starttime="20230902 19:06:38.894" endtime="20230902 19:06:38.895"/>
</kw>
<kw name="Set Test Variable" library="BuiltIn">
<arg>${PASSWORD}</arg>
<arg>${password}</arg>
<doc>Makes a variable available everywhere within the scope of the current test.</doc>
<msg timestamp="20230902 19:06:38.895" level="INFO">${PASSWORD} = 0L4#D#Zc!L</msg>
<status status="PASS" starttime="20230902 19:06:38.895" endtime="20230902 19:06:38.895"/>
</kw>
<kw name="Fill Text" library="Browser">
<arg>${INPUT_CREATE_PASSWORD}</arg>
<arg>${password}</arg>
<tag>PageContent</tag>
<tag>Setter</tag>
<doc>Clears and fills the given ``txt`` into the text field found by ``selector``.</doc>
<msg timestamp="20230902 19:06:38.901" level="INFO">Fills the text '0L4#D#Zc!L' in the given field.</msg>
<msg timestamp="20230902 19:06:38.952" level="INFO">Highlighted 1 elements for 2000.</msg>
<status status="PASS" starttime="20230902 19:06:38.896" endtime="20230902 19:06:41.018"/>
</kw>
<kw name="Fill Text" library="Browser">
<arg>${INPUT_CONFIRM_PASSWORD}</arg>
<arg>${password}</arg>
<tag>PageContent</tag>
<tag>Setter</tag>
<doc>Clears and fills the given ``txt`` into the text field found by ``selector``.</doc>
<msg timestamp="20230902 19:06:41.022" level="INFO">Fills the text '0L4#D#Zc!L' in the given field.</msg>
<msg timestamp="20230902 19:06:41.070" level="INFO">Highlighted 1 elements for 2000.</msg>
<status status="PASS" starttime="20230902 19:06:41.018" endtime="20230902 19:06:43.165"/>
</kw>
<kw name="Click" library="Browser">
<arg>${BUTTON_NEXT_CREATE_ACCOUNT}</arg>
<tag>PageContent</tag>
<tag>Setter</tag>
<doc>Simulates mouse click on the element found by ``selector``.</doc>
<msg timestamp="20230902 19:06:43.220" level="INFO">Highlighted 1 elements for 2000.</msg>
<status status="PASS" starttime="20230902 19:06:43.166" endtime="20230902 19:06:45.356"/>
</kw>
<kw name="Click" library="Browser">
<arg>${INPUT_PROFESSION}</arg>
<tag>PageContent</tag>
<tag>Setter</tag>
<doc>Simulates mouse click on the element found by ``selector``.</doc>
<msg timestamp="20230902 19:06:46.221" level="INFO">Highlighted 1 elements for 2000.</msg>
<status status="PASS" starttime="20230902 19:06:45.357" endtime="20230902 19:06:48.485"/>
</kw>
<kw name="Click" library="Browser">
<arg>${SELECT_PROF_FIRST_OPTION}</arg>
<tag>PageContent</tag>
<tag>Setter</tag>
<doc>Simulates mouse click on the element found by ``selector``.</doc>
<msg timestamp="20230902 19:06:48.574" level="INFO">Highlighted 1 elements for 2000.</msg>
<status status="PASS" starttime="20230902 19:06:48.486" endtime="20230902 19:06:50.665"/>
</kw>
<kw name="Click" library="Browser">
<arg>${INPUT_MONTHLY_INCOME}</arg>
<tag>PageContent</tag>
<tag>Setter</tag>
<doc>Simulates mouse click on the element found by ``selector``.</doc>
<msg timestamp="20230902 19:06:50.724" level="INFO">Highlighted 1 elements for 2000.</msg>
<status status="PASS" starttime="20230902 19:06:50.665" endtime="20230902 19:06:52.823"/>
</kw>
<kw name="Click" library="Browser">
<arg>${SELECT_INCOM_FIFTH_OPTION}</arg>
<tag>PageContent</tag>
<tag>Setter</tag>
<doc>Simulates mouse click on the element found by ``selector``.</doc>
<msg timestamp="20230902 19:06:52.874" level="INFO">Highlighted 1 elements for 2000.</msg>
<status status="PASS" starttime="20230902 19:06:52.823" endtime="20230902 19:06:54.958"/>
</kw>
<kw name="Fill Text" library="Browser">
<arg>${INPUT_STREET_ADDRESS}</arg>
<arg>Rua Teste</arg>
<tag>PageContent</tag>
<tag>Setter</tag>
<doc>Clears and fills the given ``txt`` into the text field found by ``selector``.</doc>
<msg timestamp="20230902 19:06:54.964" level="INFO">Fills the text 'Rua Teste' in the given field.</msg>
<msg timestamp="20230902 19:06:55.007" level="INFO">Highlighted 1 elements for 2000.</msg>
<status status="PASS" starttime="20230902 19:06:54.958" endtime="20230902 19:06:57.089"/>
</kw>
<kw name="Fill Text" library="Browser">
<arg>${INPUT_NEIGHBORHOOD_ADDRESS}</arg>
<arg>Bairro Teste</arg>
<tag>PageContent</tag>
<tag>Setter</tag>
<doc>Clears and fills the given ``txt`` into the text field found by ``selector``.</doc>
<msg timestamp="20230902 19:06:57.093" level="INFO">Fills the text 'Bairro Teste' in the given field.</msg>
<msg timestamp="20230902 19:06:57.142" level="INFO">Highlighted 1 elements for 2000.</msg>
<status status="PASS" starttime="20230902 19:06:57.089" endtime="20230902 19:06:59.201"/>
</kw>
<kw name="Fill Text" library="Browser">
<arg>${INPUT_CITY_ADDRESS}</arg>
<arg>Cidade Teste</arg>
<tag>PageContent</tag>
<tag>Setter</tag>
<doc>Clears and fills the given ``txt`` into the text field found by ``selector``.</doc>
<msg timestamp="20230902 19:06:59.216" level="INFO">Fills the text 'Cidade Teste' in the given field.</msg>
<msg timestamp="20230902 19:06:59.261" level="INFO">Highlighted 1 elements for 2000.</msg>
<status status="PASS" starttime="20230902 19:06:59.201" endtime="20230902 19:07:01.347"/>
</kw>
<kw name="Click" library="Browser">
<arg>${INPUT_STATE_ADDRESS}</arg>
<tag>PageContent</tag>
<tag>Setter</tag>
<doc>Simulates mouse click on the element found by ``selector``.</doc>
<msg timestamp="20230902 19:07:01.400" level="INFO">Highlighted 1 elements for 2000.</msg>
<status status="PASS" starttime="20230902 19:07:01.347" endtime="20230902 19:07:03.527"/>
</kw>
<kw name="Click" library="Browser">
<arg>${SELECT_STATE_MG_OPTION}</arg>
<tag>PageContent</tag>
<tag>Setter</tag>
<doc>Simulates mouse click on the element found by ``selector``.</doc>
<msg timestamp="20230902 19:07:03.580" level="INFO">Highlighted 1 elements for 2000.</msg>
<status status="PASS" starttime="20230902 19:07:03.528" endtime="20230902 19:07:05.666"/>
</kw>
<kw name="Fill Text" library="Browser">
<arg>${INPUT_ZIP_CODE}</arg>
<arg>36051150</arg>
<tag>PageContent</tag>
<tag>Setter</tag>
<doc>Clears and fills the given ``txt`` into the text field found by ``selector``.</doc>
<msg timestamp="20230902 19:07:05.673" level="INFO">Fills the text '36051150' in the given field.</msg>
<msg timestamp="20230902 19:07:05.711" level="INFO">Highlighted 1 elements for 2000.</msg>
<status status="PASS" starttime="20230902 19:07:05.666" endtime="20230902 19:07:07.782"/>
</kw>
<kw name="Check Checkbox" library="Browser">
<arg>${CHECKBOX_AGREE}</arg>
<tag>PageContent</tag>
<tag>Setter</tag>
<doc>Checks the checkbox or selects radio button found by ``selector``.</doc>
<msg timestamp="20230902 19:07:07.829" level="INFO">Highlighted 1 elements for 2000.</msg>
<status status="PASS" starttime="20230902 19:07:07.782" endtime="20230902 19:07:09.943"/>
</kw>
<kw name="Click" library="Browser">
<arg>${BUTTON_NEXT_CREATE_ACCOUNT}</arg>
<tag>PageContent</tag>
<tag>Setter</tag>
<doc>Simulates mouse click on the element found by ``selector``.</doc>
<msg timestamp="20230902 19:07:09.997" level="INFO">Highlighted 1 elements for 2000.</msg>
<status status="PASS" starttime="20230902 19:07:09.943" endtime="20230902 19:07:12.115"/>
</kw>
<status status="PASS" starttime="20230902 19:06:08.040" endtime="20230902 19:07:12.115"/>
</kw>
<kw name="Valide o login automático" library="keywords">
<kw name="Get Text" library="Browser">
<arg>${TEXT_WELCOME}</arg>
<arg>==</arg>
<arg>Bem-vindo ao PayPal!</arg>
<tag>Assertion</tag>
<tag>Getter</tag>
<tag>PageContent</tag>
<doc>Returns text attribute of the element found by ``selector``.</doc>
<msg timestamp="20230902 19:07:19.105" level="INFO">Highlighted 1 elements for 2000.</msg>
<msg timestamp="20230902 19:07:19.105" level="INFO">Text: 'Bem-vindo ao PayPal!'</msg>
<status status="PASS" starttime="20230902 19:07:12.116" endtime="20230902 19:07:19.105"/>
</kw>
<kw name="Click" library="Browser">
<arg>${BUTTON_ACTIVATE_ACCOUNT_FIRT_ACESS}</arg>
<tag>PageContent</tag>
<tag>Setter</tag>
<doc>Simulates mouse click on the element found by ``selector``.</doc>
<msg timestamp="20230902 19:07:19.167" level="INFO">Highlighted 1 elements for 2000.</msg>
<status status="PASS" starttime="20230902 19:07:19.106" endtime="20230902 19:07:21.246"/>
</kw>
<kw name="Wait For Elements State" library="Browser">
<arg>${ICON_NOTIFICATION}</arg>
<tag>PageContent</tag>
<tag>Wait</tag>
<doc>Waits for the element found by ``selector`` to satisfy state option.</doc>
<msg timestamp="20230902 19:07:23.739" level="INFO">Waited for Element with selector id=header-notifications at state visible</msg>
<status status="PASS" starttime="20230902 19:07:21.246" endtime="20230902 19:07:23.739"/>
</kw>
<kw name="Get Title" library="Browser">
<var>${title}</var>
<arg>==</arg>
<arg>PayPal: Resumo</arg>
<tag>Assertion</tag>
<tag>Getter</tag>
<tag>PageContent</tag>
<doc>Returns the title of the current page.</doc>
<msg timestamp="20230902 19:07:23.773" level="INFO">Title: 'PayPal: Resumo'</msg>
<msg timestamp="20230902 19:07:23.773" level="INFO">${title} = PayPal: Resumo</msg>
<status status="PASS" starttime="20230902 19:07:23.740" endtime="20230902 19:07:23.773"/>
</kw>
<status status="PASS" starttime="20230902 19:07:12.116" endtime="20230902 19:07:23.774"/>
</kw>
<kw name="Close Browser" library="Browser" type="TEARDOWN">
<arg>ALL</arg>
<tag>BrowserControl</tag>
<tag>Setter</tag>
<doc>Closes the current browser.</doc>
<msg timestamp="20230902 19:07:24.098" level="INFO">Closed all browsers</msg>
<status status="PASS" starttime="20230902 19:07:23.775" endtime="20230902 19:07:24.099"/>
</kw>
<status status="PASS" starttime="20230902 19:06:05.665" endtime="20230902 19:07:24.100"/>
</test>
<test id="s1-t2" name="Crie a conta, acesse uma conta no Sandbox Paypal e adicione um cartão" line="13">
<kw name="Abra o site do Sandbox Paypal" library="keywords" type="SETUP">
<kw name="New Browser" library="Browser">
<arg>headless=False</arg>
<tag>BrowserControl</tag>
<tag>Setter</tag>
<doc>Create a new playwright Browser with specified options.</doc>
<msg timestamp="20230902 19:07:29.115" level="INFO">{"browser": "chromium", "headless": false, "chromiumSandbox": false, "devtools": false, "handleSIGHUP": true, "handleSIGINT": true, "handleSIGTERM": true, "ignoreDefaultArgs": false, "slowMo": 0.0, "timeout": 30000.0, "tracesDir": "c:\\Users\\Carol Lemes\\Documents\\2. Cursos\\robot-framework-web-mobile-desktop-api\\browser\\traces\\597326e5-0707-467d-a758-9a2b22d8ee77"}</msg>
<msg timestamp="20230902 19:07:29.596" level="INFO">Successfully created browser with options: {"browser":"chromium","headless":false,"chromiumSandbox":false,"devtools":false,"handleSIGHUP":true,"handleSIGINT":true,"handleSIGTERM":true,"ignoreDefaultArgs":false,"slowMo":0,"timeout":30000,"tracesDir":"c:\\Users\\Carol Lemes\\Documents\\2. Cursos\\robot-framework-web-mobile-desktop-api\\browser\\traces\\597326e5-0707-467d-a758-9a2b22d8ee77"}</msg>
<status status="PASS" starttime="20230902 19:07:29.111" endtime="20230902 19:07:29.596"/>
</kw>
<kw name="New Context" library="Browser">
<arg>viewport={'width': 1200, 'height': 800}</arg>
<arg>bypassCSP=True</arg>
<tag>BrowserControl</tag>
<tag>Setter</tag>
<doc>Create a new BrowserContext with specified options.</doc>
<msg timestamp="20230902 19:07:29.601" level="INFO">{
  "acceptDownloads": true,
  "bypassCSP": true,
  "forcedColors": "none",
  "hideRfBrowser": "",
  "ignoreHTTPSErrors": false,
  "javaScriptEnabled": true,
  "offline": false,
  "reducedMotion": "no-preference",
  "serviceWorkers": "allow",
  "viewport": {
    "height": 800,
    "width": 1200
  }
}</msg>
<msg timestamp="20230902 19:07:29.618" level="INFO">Successfully created context. </msg>
<msg timestamp="20230902 19:07:29.618" level="INFO">{'acceptDownloads': True, 'bypassCSP': True, 'forcedColors': 'none', 'hideRfBrowser': '', 'ignoreHTTPSErrors': False, 'javaScriptEnabled': True, 'offline': False, 'reducedMotion': 'no-preference', 'serviceWorkers': 'allow', 'viewport': {'height': 800, 'width': 1200}}</msg>
<status status="PASS" starttime="20230902 19:07:29.597" endtime="20230902 19:07:29.618"/>
</kw>
<kw name="New Page" library="Browser">
<arg>url=${URL}</arg>
<tag>BrowserControl</tag>
<tag>Setter</tag>
<doc>Open a new Page.</doc>
<msg timestamp="20230902 19:07:31.219" level="INFO">Successfully initialized new page object and opened url: https://www.sandbox.paypal.com/</msg>
<status status="PASS" starttime="20230902 19:07:29.619" endtime="20230902 19:07:31.219"/>
</kw>
<kw name="Get Title" library="Browser">
<var>${title}</var>
<arg>==</arg>
<arg>Compras internacionais descomplicadas e muito mais | PayPal BR</arg>
<tag>Assertion</tag>
<tag>Getter</tag>
<tag>PageContent</tag>
<doc>Returns the title of the current page.</doc>
<msg timestamp="20230902 19:07:31.314" level="INFO">Title: 'Compras internacionais descomplicadas e muito mais | PayPal BR'</msg>
<msg timestamp="20230902 19:07:31.315" level="INFO">${title} = Compras internacionais descomplicadas e muito mais | PayPal BR</msg>
<status status="PASS" starttime="20230902 19:07:31.220" endtime="20230902 19:07:31.315"/>
</kw>
<status status="PASS" starttime="20230902 19:07:29.111" endtime="20230902 19:07:31.315"/>
</kw>
<kw name="Crie uma conta grátis" library="keywords">
<kw name="Click" library="Browser">
<arg>${BUTTON_CREATE_ACCOUNT}</arg>
<tag>PageContent</tag>
<tag>Setter</tag>
<doc>Simulates mouse click on the element found by ``selector``.</doc>
<msg timestamp="20230902 19:07:31.423" level="INFO">Highlighted 1 elements for 2000.</msg>
<status status="PASS" starttime="20230902 19:07:31.317" endtime="20230902 19:07:34.044"/>
</kw>
<kw name="Check Checkbox" library="Browser">
<arg>${CHECKBOX_FOR_ME}</arg>
<tag>PageContent</tag>
<tag>Setter</tag>
<doc>Checks the checkbox or selects radio button found by ``selector``.</doc>
<msg timestamp="20230902 19:07:34.207" level="INFO">Highlighted 1 elements for 2000.</msg>
<status status="PASS" starttime="20230902 19:07:34.045" endtime="20230902 19:07:36.225"/>
</kw>
<kw name="Click" library="Browser">
<arg>${BUTTON_FOR_ME_ACCOUNT_NEXT}</arg>
<tag>PageContent</tag>
<tag>Setter</tag>
<doc>Simulates mouse click on the element found by ``selector``.</doc>
<msg timestamp="20230902 19:07:36.291" level="INFO">Highlighted 1 elements for 2000.</msg>
<status status="PASS" starttime="20230902 19:07:36.226" endtime="20230902 19:07:38.955"/>
</kw>
<kw name="Generate Phone Number" library="phone-generator">
<var>${phone_number}</var>
<msg timestamp="20230902 19:07:38.955" level="INFO">${phone_number} = 90262394064</msg>
<status status="PASS" starttime="20230902 19:07:38.955" endtime="20230902 19:07:38.956"/>
</kw>
<kw name="Fill Text" library="Browser">
<arg>${INPUT_PHONE_NUMBER}</arg>
<arg>${phone_number}</arg>
<tag>PageContent</tag>
<tag>Setter</tag>
<doc>Clears and fills the given ``txt`` into the text field found by ``selector``.</doc>
<msg timestamp="20230902 19:07:38.961" level="INFO">Fills the text '90262394064' in the given field.</msg>
<msg timestamp="20230902 19:07:39.121" level="INFO">Highlighted 1 elements for 2000.</msg>
<status status="PASS" starttime="20230902 19:07:38.956" endtime="20230902 19:07:41.168"/>
</kw>
<kw name="Click" library="Browser">
<arg>${BUTTON_PHONE_ACCOUNT_NEXT}</arg>
<tag>PageContent</tag>
<tag>Setter</tag>
<doc>Simulates mouse click on the element found by ``selector``.</doc>
<msg timestamp="20230902 19:07:41.208" level="INFO">Highlighted 1 elements for 2000.</msg>
<status status="PASS" starttime="20230902 19:07:41.168" endtime="20230902 19:07:43.315"/>
</kw>
<kw name="Fill Text" library="Browser">
<arg>${INPUT_SMS_CODE}</arg>
<arg>111111</arg>
<tag>PageContent</tag>
<tag>Setter</tag>
<doc>Clears and fills the given ``txt`` into the text field found by ``selector``.</doc>
<msg timestamp="20230902 19:07:43.320" level="INFO">Fills the text '111111' in the given field.</msg>
<msg timestamp="20230902 19:07:44.175" level="INFO">Highlighted 1 elements for 2000.</msg>
<status status="PASS" starttime="20230902 19:07:43.316" endtime="20230902 19:07:46.242"/>
</kw>
<kw name="Email" library="FakerLibrary">
<var>${email}</var>
<msg timestamp="20230902 19:07:46.242" level="INFO">${email} = kristin71@example.org</msg>
<status status="PASS" starttime="20230902 19:07:46.242" endtime="20230902 19:07:46.243"/>
</kw>
<kw name="Set Test Variable" library="BuiltIn">
<arg>${EMAIL}</arg>
<arg>${email}</arg>
<doc>Makes a variable available everywhere within the scope of the current test.</doc>
<msg timestamp="20230902 19:07:46.243" level="INFO">${EMAIL} = kristin71@example.org</msg>
<status status="PASS" starttime="20230902 19:07:46.243" endtime="20230902 19:07:46.243"/>
</kw>
<kw name="Fill Text" library="Browser">
<arg>${INPUT_EMAIL}</arg>
<arg>${email}</arg>
<tag>PageContent</tag>
<tag>Setter</tag>
<doc>Clears and fills the given ``txt`` into the text field found by ``selector``.</doc>
<msg timestamp="20230902 19:07:46.256" level="INFO">Fills the text 'kristin71@example.org' in the given field.</msg>
<msg timestamp="20230902 19:07:46.760" level="INFO">Highlighted 1 elements for 2000.</msg>
<status status="PASS" starttime="20230902 19:07:46.243" endtime="20230902 19:07:48.829"/>
</kw>
<kw name="Fill Text" library="Browser">
<arg>${INPUT_NAME}</arg>
<arg>Nome Teste</arg>
<tag>PageContent</tag>
<tag>Setter</tag>
<doc>Clears and fills the given ``txt`` into the text field found by ``selector``.</doc>
<msg timestamp="20230902 19:07:48.834" level="INFO">Fills the text 'Nome Teste' in the given field.</msg>
<msg timestamp="20230902 19:07:48.897" level="INFO">Highlighted 1 elements for 2000.</msg>
<status status="PASS" starttime="20230902 19:07:48.829" endtime="20230902 19:07:50.986"/>
</kw>
<kw name="Fill Text" library="Browser">
<arg>${INPUT_LAST_NAME}</arg>
<arg>Sobrenome Teste</arg>
<tag>PageContent</tag>
<tag>Setter</tag>
<doc>Clears and fills the given ``txt`` into the text field found by ``selector``.</doc>
<msg timestamp="20230902 19:07:50.991" level="INFO">Fills the text 'Sobrenome Teste' in the given field.</msg>
<msg timestamp="20230902 19:07:51.046" level="INFO">Highlighted 1 elements for 2000.</msg>
<status status="PASS" starttime="20230902 19:07:50.986" endtime="20230902 19:07:53.127"/>
</kw>
<kw name="Fill Text" library="Browser">
<arg>${INPUT_MOTHER_NAME}</arg>
<arg>Nome Mãe</arg>
<tag>PageContent</tag>
<tag>Setter</tag>
<doc>Clears and fills the given ``txt`` into the text field found by ``selector``.</doc>
<msg timestamp="20230902 19:07:53.133" level="INFO">Fills the text 'Nome Mãe' in the given field.</msg>
<msg timestamp="20230902 19:07:53.182" level="INFO">Highlighted 1 elements for 2000.</msg>
<status status="PASS" starttime="20230902 19:07:53.128" endtime="20230902 19:07:55.257"/>
</kw>
<kw name="Fill Text" library="Browser">
<arg>${INPUT_LAST_MOTHER_NAME}</arg>
<arg>Sobrenome Mãe</arg>
<tag>PageContent</tag>
<tag>Setter</tag>
<doc>Clears and fills the given ``txt`` into the text field found by ``selector``.</doc>
<msg timestamp="20230902 19:07:55.261" level="INFO">Fills the text 'Sobrenome Mãe' in the given field.</msg>
<msg timestamp="20230902 19:07:55.315" level="INFO">Highlighted 1 elements for 2000.</msg>
<status status="PASS" starttime="20230902 19:07:55.257" endtime="20230902 19:07:57.385"/>
</kw>
<kw name="Fill Text" library="Browser">
<arg>${INPUT_BIRTH_DATE}</arg>
<arg>01012000</arg>
<tag>PageContent</tag>
<tag>Setter</tag>
<doc>Clears and fills the given ``txt`` into the text field found by ``selector``.</doc>
<msg timestamp="20230902 19:07:57.396" level="INFO">Fills the text '01012000' in the given field.</msg>
<msg timestamp="20230902 19:07:57.449" level="INFO">Highlighted 1 elements for 2000.</msg>
<status status="PASS" starttime="20230902 19:07:57.385" endtime="20230902 19:07:59.509"/>
</kw>
<kw name="Generate Cpf" library="cpf-generator">
<var>${cpf}</var>
<msg timestamp="20230902 19:07:59.510" level="INFO">${cpf} = 11358754306</msg>
<status status="PASS" starttime="20230902 19:07:59.509" endtime="20230902 19:07:59.510"/>
</kw>
<kw name="Fill Text" library="Browser">
<arg>${INPUT_CPF}</arg>
<arg>${cpf}</arg>
<tag>PageContent</tag>
<tag>Setter</tag>
<doc>Clears and fills the given ``txt`` into the text field found by ``selector``.</doc>
<msg timestamp="20230902 19:07:59.516" level="INFO">Fills the text '11358754306' in the given field.</msg>
<msg timestamp="20230902 19:07:59.566" level="INFO">Highlighted 1 elements for 2000.</msg>
<status status="PASS" starttime="20230902 19:07:59.510" endtime="20230902 19:08:01.624"/>
</kw>
<kw name="Password" library="FakerLibrary">
<var>${password}</var>
<doc>Generate a random password of the specified ``length``.</doc>
<msg timestamp="20230902 19:08:01.625" level="INFO">${password} = AP^*5Olotx</msg>
<status status="PASS" starttime="20230902 19:08:01.624" endtime="20230902 19:08:01.625"/>
</kw>
<kw name="Set Test Variable" library="BuiltIn">
<arg>${PASSWORD}</arg>
<arg>${password}</arg>
<doc>Makes a variable available everywhere within the scope of the current test.</doc>
<msg timestamp="20230902 19:08:01.626" level="INFO">${PASSWORD} = AP^*5Olotx</msg>
<status status="PASS" starttime="20230902 19:08:01.625" endtime="20230902 19:08:01.627"/>
</kw>
<kw name="Fill Text" library="Browser">
<arg>${INPUT_CREATE_PASSWORD}</arg>
<arg>${password}</arg>
<tag>PageContent</tag>
<tag>Setter</tag>
<doc>Clears and fills the given ``txt`` into the text field found by ``selector``.</doc>
<msg timestamp="20230902 19:08:01.632" level="INFO">Fills the text 'AP^*5Olotx' in the given field.</msg>
<msg timestamp="20230902 19:08:01.686" level="INFO">Highlighted 1 elements for 2000.</msg>
<status status="PASS" starttime="20230902 19:08:01.627" endtime="20230902 19:08:03.759"/>
</kw>
<kw name="Fill Text" library="Browser">
<arg>${INPUT_CONFIRM_PASSWORD}</arg>
<arg>${password}</arg>
<tag>PageContent</tag>
<tag>Setter</tag>
<doc>Clears and fills the given ``txt`` into the text field found by ``selector``.</doc>
<msg timestamp="20230902 19:08:03.764" level="INFO">Fills the text 'AP^*5Olotx' in the given field.</msg>
<msg timestamp="20230902 19:08:03.819" level="INFO">Highlighted 1 elements for 2000.</msg>
<status status="PASS" starttime="20230902 19:08:03.759" endtime="20230902 19:08:05.921"/>
</kw>
<kw name="Click" library="Browser">
<arg>${BUTTON_NEXT_CREATE_ACCOUNT}</arg>
<tag>PageContent</tag>
<tag>Setter</tag>
<doc>Simulates mouse click on the element found by ``selector``.</doc>
<msg timestamp="20230902 19:08:05.968" level="INFO">Highlighted 1 elements for 2000.</msg>
<status status="PASS" starttime="20230902 19:08:05.921" endtime="20230902 19:08:08.091"/>
</kw>
<kw name="Click" library="Browser">
<arg>${INPUT_PROFESSION}</arg>
<tag>PageContent</tag>
<tag>Setter</tag>
<doc>Simulates mouse click on the element found by ``selector``.</doc>
<msg timestamp="20230902 19:08:08.987" level="INFO">Highlighted 1 elements for 2000.</msg>
<status status="PASS" starttime="20230902 19:08:08.092" endtime="20230902 19:08:11.270"/>
</kw>
<kw name="Click" library="Browser">
<arg>${SELECT_PROF_FIRST_OPTION}</arg>
<tag>PageContent</tag>
<tag>Setter</tag>
<doc>Simulates mouse click on the element found by ``selector``.</doc>
<msg timestamp="20230902 19:08:11.358" level="INFO">Highlighted 1 elements for 2000.</msg>
<status status="PASS" starttime="20230902 19:08:11.270" endtime="20230902 19:08:13.441"/>
</kw>
<kw name="Click" library="Browser">
<arg>${INPUT_MONTHLY_INCOME}</arg>
<tag>PageContent</tag>
<tag>Setter</tag>
<doc>Simulates mouse click on the element found by ``selector``.</doc>
<msg timestamp="20230902 19:08:13.488" level="INFO">Highlighted 1 elements for 2000.</msg>
<status status="PASS" starttime="20230902 19:08:13.441" endtime="20230902 19:08:15.604"/>
</kw>
<kw name="Click" library="Browser">
<arg>${SELECT_INCOM_FIFTH_OPTION}</arg>
<tag>PageContent</tag>
<tag>Setter</tag>
<doc>Simulates mouse click on the element found by ``selector``.</doc>
<msg timestamp="20230902 19:08:15.656" level="INFO">Highlighted 1 elements for 2000.</msg>
<status status="PASS" starttime="20230902 19:08:15.604" endtime="20230902 19:08:17.738"/>
</kw>
<kw name="Fill Text" library="Browser">
<arg>${INPUT_STREET_ADDRESS}</arg>
<arg>Rua Teste</arg>
<tag>PageContent</tag>
<tag>Setter</tag>
<doc>Clears and fills the given ``txt`` into the text field found by ``selector``.</doc>
<msg timestamp="20230902 19:08:17.743" level="INFO">Fills the text 'Rua Teste' in the given field.</msg>
<msg timestamp="20230902 19:08:17.788" level="INFO">Highlighted 1 elements for 2000.</msg>
<status status="PASS" starttime="20230902 19:08:17.739" endtime="20230902 19:08:19.860"/>
</kw>
<kw name="Fill Text" library="Browser">
<arg>${INPUT_NEIGHBORHOOD_ADDRESS}</arg>
<arg>Bairro Teste</arg>
<tag>PageContent</tag>
<tag>Setter</tag>
<doc>Clears and fills the given ``txt`` into the text field found by ``selector``.</doc>
<msg timestamp="20230902 19:08:19.867" level="INFO">Fills the text 'Bairro Teste' in the given field.</msg>
<msg timestamp="20230902 19:08:19.925" level="INFO">Highlighted 1 elements for 2000.</msg>
<status status="PASS" starttime="20230902 19:08:19.861" endtime="20230902 19:08:21.993"/>
</kw>
<kw name="Fill Text" library="Browser">
<arg>${INPUT_CITY_ADDRESS}</arg>
<arg>Cidade Teste</arg>
<tag>PageContent</tag>
<tag>Setter</tag>
<doc>Clears and fills the given ``txt`` into the text field found by ``selector``.</doc>
<msg timestamp="20230902 19:08:22.000" level="INFO">Fills the text 'Cidade Teste' in the given field.</msg>
<msg timestamp="20230902 19:08:22.058" level="INFO">Highlighted 1 elements for 2000.</msg>
<status status="PASS" starttime="20230902 19:08:21.993" endtime="20230902 19:08:24.139"/>
</kw>
<kw name="Click" library="Browser">
<arg>${INPUT_STATE_ADDRESS}</arg>
<tag>PageContent</tag>
<tag>Setter</tag>
<doc>Simulates mouse click on the element found by ``selector``.</doc>
<msg timestamp="20230902 19:08:24.192" level="INFO">Highlighted 1 elements for 2000.</msg>
<status status="PASS" starttime="20230902 19:08:24.140" endtime="20230902 19:08:26.327"/>
</kw>
<kw name="Click" library="Browser">
<arg>${SELECT_STATE_MG_OPTION}</arg>
<tag>PageContent</tag>
<tag>Setter</tag>
<doc>Simulates mouse click on the element found by ``selector``.</doc>
<msg timestamp="20230902 19:08:26.377" level="INFO">Highlighted 1 elements for 2000.</msg>
<status status="PASS" starttime="20230902 19:08:26.327" endtime="20230902 19:08:28.465"/>
</kw>
<kw name="Fill Text" library="Browser">
<arg>${INPUT_ZIP_CODE}</arg>
<arg>36051150</arg>
<tag>PageContent</tag>
<tag>Setter</tag>
<doc>Clears and fills the given ``txt`` into the text field found by ``selector``.</doc>
<msg timestamp="20230902 19:08:28.471" level="INFO">Fills the text '36051150' in the given field.</msg>
<msg timestamp="20230902 19:08:28.508" level="INFO">Highlighted 1 elements for 2000.</msg>
<status status="PASS" starttime="20230902 19:08:28.466" endtime="20230902 19:08:30.585"/>
</kw>
<kw name="Check Checkbox" library="Browser">
<arg>${CHECKBOX_AGREE}</arg>
<tag>PageContent</tag>
<tag>Setter</tag>
<doc>Checks the checkbox or selects radio button found by ``selector``.</doc>
<msg timestamp="20230902 19:08:30.644" level="INFO">Highlighted 1 elements for 2000.</msg>
<status status="PASS" starttime="20230902 19:08:30.585" endtime="20230902 19:08:32.718"/>
</kw>
<kw name="Click" library="Browser">
<arg>${BUTTON_NEXT_CREATE_ACCOUNT}</arg>
<tag>PageContent</tag>
<tag>Setter</tag>
<doc>Simulates mouse click on the element found by ``selector``.</doc>
<msg timestamp="20230902 19:08:32.761" level="INFO">Highlighted 1 elements for 2000.</msg>
<status status="PASS" starttime="20230902 19:08:32.718" endtime="20230902 19:08:34.842"/>
</kw>
<status status="PASS" starttime="20230902 19:07:31.316" endtime="20230902 19:08:34.842"/>
</kw>
<kw name="Faça login com a conta previamente criada" library="keywords">
<kw name="Deslogue do login automático" library="keywords">
<kw name="Valide o login automático" library="keywords">
<kw name="Get Text" library="Browser">
<arg>${TEXT_WELCOME}</arg>
<arg>==</arg>
<arg>Bem-vindo ao PayPal!</arg>
<tag>Assertion</tag>
<tag>Getter</tag>
<tag>PageContent</tag>
<doc>Returns text attribute of the element found by ``selector``.</doc>
<msg timestamp="20230902 19:08:42.319" level="INFO">Highlighted 1 elements for 2000.</msg>
<msg timestamp="20230902 19:08:42.319" level="INFO">Text: 'Bem-vindo ao PayPal!'</msg>
<status status="PASS" starttime="20230902 19:08:34.845" endtime="20230902 19:08:42.319"/>
</kw>
<kw name="Click" library="Browser">
<arg>${BUTTON_ACTIVATE_ACCOUNT_FIRT_ACESS}</arg>
<tag>PageContent</tag>
<tag>Setter</tag>
<doc>Simulates mouse click on the element found by ``selector``.</doc>
<msg timestamp="20230902 19:08:42.365" level="INFO">Highlighted 1 elements for 2000.</msg>
<status status="PASS" starttime="20230902 19:08:42.319" endtime="20230902 19:08:44.444"/>
</kw>
<kw name="Wait For Elements State" library="Browser">
<arg>${ICON_NOTIFICATION}</arg>
<tag>PageContent</tag>
<tag>Wait</tag>
<doc>Waits for the element found by ``selector`` to satisfy state option.</doc>
<msg timestamp="20230902 19:08:47.060" level="INFO">Waited for Element with selector id=header-notifications at state visible</msg>
<status status="PASS" starttime="20230902 19:08:44.444" endtime="20230902 19:08:47.060"/>
</kw>
<kw name="Get Title" library="Browser">
<var>${title}</var>
<arg>==</arg>
<arg>PayPal: Resumo</arg>
<tag>Assertion</tag>
<tag>Getter</tag>
<tag>PageContent</tag>
<doc>Returns the title of the current page.</doc>
<msg timestamp="20230902 19:08:47.094" level="INFO">Title: 'PayPal: Resumo'</msg>
<msg timestamp="20230902 19:08:47.095" level="INFO">${title} = PayPal: Resumo</msg>
<status status="PASS" starttime="20230902 19:08:47.061" endtime="20230902 19:08:47.095"/>
</kw>
<status status="PASS" starttime="20230902 19:08:34.844" endtime="20230902 19:08:47.095"/>
</kw>
<kw name="Click" library="Browser">
<arg>${BUTTON_LOGOUT}</arg>
<tag>PageContent</tag>
<tag>Setter</tag>
<doc>Simulates mouse click on the element found by ``selector``.</doc>
<msg timestamp="20230902 19:08:47.170" level="INFO">Highlighted 1 elements for 2000.</msg>
<status status="PASS" starttime="20230902 19:08:47.095" endtime="20230902 19:08:50.442"/>
</kw>
<status status="PASS" starttime="20230902 19:08:34.844" endtime="20230902 19:08:50.442"/>
</kw>
<kw name="Faça login" library="keywords">
<arg>${EMAIL}</arg>
<arg>${PASSWORD}</arg>
<kw name="Click" library="Browser">
<arg>${BUTTON_ENTER_ACCOUNT}</arg>
<tag>PageContent</tag>
<tag>Setter</tag>
<doc>Simulates mouse click on the element found by ``selector``.</doc>
<msg timestamp="20230902 19:08:50.737" level="INFO">Highlighted 1 elements for 2000.</msg>
<status status="PASS" starttime="20230902 19:08:50.444" endtime="20230902 19:08:53.471"/>
</kw>
<kw name="Fill Text" library="Browser">
<arg>${INPUT_EMAIL_LOGIN}</arg>
<arg>${EMAIL}</arg>
<tag>PageContent</tag>
<tag>Setter</tag>
<doc>Clears and fills the given ``txt`` into the text field found by ``selector``.</doc>
<msg timestamp="20230902 19:08:53.481" level="INFO">Fills the text 'kristin71@example.org' in the given field.</msg>
<msg timestamp="20230902 19:08:53.659" level="INFO">Highlighted 1 elements for 2000.</msg>
<status status="PASS" starttime="20230902 19:08:53.472" endtime="20230902 19:08:55.686"/>
</kw>
<kw name="Get Element States" library="Browser">
<var>${status}</var>
<arg>${INPUT_PASSWORD_LOGIN}</arg>
<tag>Assertion</tag>
<tag>Getter</tag>
<tag>PageContent</tag>
<doc>Get the active states from the element found by ``selector``.</doc>
<msg timestamp="20230902 19:08:55.726" level="INFO">States are: ['attached', 'visible', 'enabled', 'editable', 'defocused']</msg>
<msg timestamp="20230902 19:08:55.726" level="INFO">${status} = ['attached', 'visible', 'enabled', 'editable', 'defocused']</msg>
<status status="PASS" starttime="20230902 19:08:55.686" endtime="20230902 19:08:55.727"/>
</kw>
<kw name="Evaluate" library="BuiltIn">
<var>${hidden_found}</var>
<arg>'hidden' in ${status}</arg>
<doc>Evaluates the given expression in Python and returns the result.</doc>
<msg timestamp="20230902 19:08:55.727" level="INFO">${hidden_found} = False</msg>
<status status="PASS" starttime="20230902 19:08:55.727" endtime="20230902 19:08:55.727"/>
</kw>
<if>
<branch type="IF" condition="${hidden_found} == ${True}">
<kw name="Click" library="Browser">
<arg>xpath=//*[@id="btnNext"]</arg>
<tag>PageContent</tag>
<tag>Setter</tag>
<doc>Simulates mouse click on the element found by ``selector``.</doc>
<status status="NOT RUN" starttime="20230902 19:08:55.728" endtime="20230902 19:08:55.728"/>
</kw>
<kw name="Fill Text" library="Browser">
<arg>${INPUT_PASSWORD_LOGIN}</arg>
<arg>${PASSWORD}</arg>
<tag>PageContent</tag>
<tag>Setter</tag>
<doc>Clears and fills the given ``txt`` into the text field found by ``selector``.</doc>
<status status="NOT RUN" starttime="20230902 19:08:55.728" endtime="20230902 19:08:55.728"/>
</kw>
<status status="NOT RUN" starttime="20230902 19:08:55.727" endtime="20230902 19:08:55.728"/>
</branch>
<branch type="ELSE">
<kw name="Fill Text" library="Browser">
<arg>${INPUT_PASSWORD_LOGIN}</arg>
<arg>${PASSWORD}</arg>
<tag>PageContent</tag>
<tag>Setter</tag>
<doc>Clears and fills the given ``txt`` into the text field found by ``selector``.</doc>
<msg timestamp="20230902 19:08:55.733" level="INFO">Fills the text 'AP^*5Olotx' in the given field.</msg>
<msg timestamp="20230902 19:08:55.788" level="INFO">Highlighted 1 elements for 2000.</msg>
<status status="PASS" starttime="20230902 19:08:55.728" endtime="20230902 19:08:57.815"/>
</kw>
<status status="PASS" starttime="20230902 19:08:55.728" endtime="20230902 19:08:57.815"/>
</branch>
<status status="PASS" starttime="20230902 19:08:55.727" endtime="20230902 19:08:57.816"/>
</if>
<kw name="Click" library="Browser">
<arg>${BUTTON_LOGIN}</arg>
<tag>PageContent</tag>
<tag>Setter</tag>
<doc>Simulates mouse click on the element found by ``selector``.</doc>
<msg timestamp="20230902 19:08:57.872" level="INFO">Highlighted 1 elements for 2000.</msg>
<status status="PASS" starttime="20230902 19:08:57.816" endtime="20230902 19:09:01.350"/>
</kw>
<kw name="Get Title" library="Browser">
<var>${title}</var>
<arg>==</arg>
<arg>PayPal: Resumo</arg>
<tag>Assertion</tag>
<tag>Getter</tag>
<tag>PageContent</tag>
<doc>Returns the title of the current page.</doc>
<msg timestamp="20230902 19:09:01.366" level="INFO">Title: 'PayPal: Resumo'</msg>
<msg timestamp="20230902 19:09:01.366" level="INFO">${title} = PayPal: Resumo</msg>
<status status="PASS" starttime="20230902 19:09:01.350" endtime="20230902 19:09:01.367"/>
</kw>
<status status="PASS" starttime="20230902 19:08:50.443" endtime="20230902 19:09:01.367"/>
</kw>
<status status="PASS" starttime="20230902 19:08:34.843" endtime="20230902 19:09:01.367"/>
</kw>
<kw name="Close Browser" library="Browser" type="TEARDOWN">
<arg>ALL</arg>
<tag>BrowserControl</tag>
<tag>Setter</tag>
<doc>Closes the current browser.</doc>
<msg timestamp="20230902 19:09:01.627" level="INFO">Closed all browsers</msg>
<status status="PASS" starttime="20230902 19:09:01.368" endtime="20230902 19:09:01.627"/>
</kw>
<status status="PASS" starttime="20230902 19:07:29.106" endtime="20230902 19:09:01.629"/>
</test>
<test id="s1-t3" name="Fazer login com conta existente" line="18">
<kw name="Abra o site do Sandbox Paypal" library="keywords" type="SETUP">
<kw name="New Browser" library="Browser">
<arg>headless=False</arg>
<tag>BrowserControl</tag>
<tag>Setter</tag>
<doc>Create a new playwright Browser with specified options.</doc>
<msg timestamp="20230902 19:09:06.644" level="INFO">{"browser": "chromium", "headless": false, "chromiumSandbox": false, "devtools": false, "handleSIGHUP": true, "handleSIGINT": true, "handleSIGTERM": true, "ignoreDefaultArgs": false, "slowMo": 0.0, "timeout": 30000.0, "tracesDir": "c:\\Users\\Carol Lemes\\Documents\\2. Cursos\\robot-framework-web-mobile-desktop-api\\browser\\traces\\51c53b0e-85c7-48d5-bf30-908de41416af"}</msg>
<msg timestamp="20230902 19:09:07.119" level="INFO">Successfully created browser with options: {"browser":"chromium","headless":false,"chromiumSandbox":false,"devtools":false,"handleSIGHUP":true,"handleSIGINT":true,"handleSIGTERM":true,"ignoreDefaultArgs":false,"slowMo":0,"timeout":30000,"tracesDir":"c:\\Users\\Carol Lemes\\Documents\\2. Cursos\\robot-framework-web-mobile-desktop-api\\browser\\traces\\51c53b0e-85c7-48d5-bf30-908de41416af"}</msg>
<status status="PASS" starttime="20230902 19:09:06.641" endtime="20230902 19:09:07.120"/>
</kw>
<kw name="New Context" library="Browser">
<arg>viewport={'width': 1200, 'height': 800}</arg>
<arg>bypassCSP=True</arg>
<tag>BrowserControl</tag>
<tag>Setter</tag>
<doc>Create a new BrowserContext with specified options.</doc>
<msg timestamp="20230902 19:09:07.124" level="INFO">{
  "acceptDownloads": true,
  "bypassCSP": true,
  "forcedColors": "none",
  "hideRfBrowser": "",
  "ignoreHTTPSErrors": false,
  "javaScriptEnabled": true,
  "offline": false,
  "reducedMotion": "no-preference",
  "serviceWorkers": "allow",
  "viewport": {
    "height": 800,
    "width": 1200
  }
}</msg>
<msg timestamp="20230902 19:09:07.137" level="INFO">Successfully created context. </msg>
<msg timestamp="20230902 19:09:07.138" level="INFO">{'acceptDownloads': True, 'bypassCSP': True, 'forcedColors': 'none', 'hideRfBrowser': '', 'ignoreHTTPSErrors': False, 'javaScriptEnabled': True, 'offline': False, 'reducedMotion': 'no-preference', 'serviceWorkers': 'allow', 'viewport': {'height': 800, 'width': 1200}}</msg>
<status status="PASS" starttime="20230902 19:09:07.120" endtime="20230902 19:09:07.138"/>
</kw>
<kw name="New Page" library="Browser">
<arg>url=${URL}</arg>
<tag>BrowserControl</tag>
<tag>Setter</tag>
<doc>Open a new Page.</doc>
<msg timestamp="20230902 19:09:08.836" level="INFO">Successfully initialized new page object and opened url: https://www.sandbox.paypal.com/</msg>
<status status="PASS" starttime="20230902 19:09:07.138" endtime="20230902 19:09:08.836"/>
</kw>
<kw name="Get Title" library="Browser">
<var>${title}</var>
<arg>==</arg>
<arg>Compras internacionais descomplicadas e muito mais | PayPal BR</arg>
<tag>Assertion</tag>
<tag>Getter</tag>
<tag>PageContent</tag>
<doc>Returns the title of the current page.</doc>
<msg timestamp="20230902 19:09:08.926" level="INFO">Title: 'Compras internacionais descomplicadas e muito mais | PayPal BR'</msg>
<msg timestamp="20230902 19:09:08.927" level="INFO">${title} = Compras internacionais descomplicadas e muito mais | PayPal BR</msg>
<status status="PASS" starttime="20230902 19:09:08.836" endtime="20230902 19:09:08.927"/>
</kw>
<status status="PASS" starttime="20230902 19:09:06.640" endtime="20230902 19:09:08.927"/>
</kw>
<kw name="Faça login" library="keywords">
<arg>carol@yopmail.com</arg>
<arg>@123@123</arg>
<kw name="Click" library="Browser">
<arg>${BUTTON_ENTER_ACCOUNT}</arg>
<tag>PageContent</tag>
<tag>Setter</tag>
<doc>Simulates mouse click on the element found by ``selector``.</doc>
<msg timestamp="20230902 19:09:09.038" level="INFO">Highlighted 1 elements for 2000.</msg>
<status status="PASS" starttime="20230902 19:09:08.928" endtime="20230902 19:09:11.372"/>
</kw>
<kw name="Fill Text" library="Browser">
<arg>${INPUT_EMAIL_LOGIN}</arg>
<arg>${EMAIL}</arg>
<tag>PageContent</tag>
<tag>Setter</tag>
<doc>Clears and fills the given ``txt`` into the text field found by ``selector``.</doc>
<msg timestamp="20230902 19:09:11.378" level="INFO">Fills the text 'carol@yopmail.com' in the given field.</msg>
<msg timestamp="20230902 19:09:11.512" level="INFO">Highlighted 1 elements for 2000.</msg>
<status status="PASS" starttime="20230902 19:09:11.373" endtime="20230902 19:09:13.540"/>
</kw>
<kw name="Get Element States" library="Browser">
<var>${status}</var>
<arg>${INPUT_PASSWORD_LOGIN}</arg>
<tag>Assertion</tag>
<tag>Getter</tag>
<tag>PageContent</tag>
<doc>Get the active states from the element found by ``selector``.</doc>
<msg timestamp="20230902 19:09:13.574" level="INFO">States are: ['attached', 'hidden', 'enabled', 'editable', 'defocused']</msg>
<msg timestamp="20230902 19:09:13.575" level="INFO">${status} = ['attached', 'hidden', 'enabled', 'editable', 'defocused']</msg>
<status status="PASS" starttime="20230902 19:09:13.541" endtime="20230902 19:09:13.575"/>
</kw>
<kw name="Evaluate" library="BuiltIn">
<var>${hidden_found}</var>
<arg>'hidden' in ${status}</arg>
<doc>Evaluates the given expression in Python and returns the result.</doc>
<msg timestamp="20230902 19:09:13.576" level="INFO">${hidden_found} = True</msg>
<status status="PASS" starttime="20230902 19:09:13.575" endtime="20230902 19:09:13.576"/>
</kw>
<if>
<branch type="IF" condition="${hidden_found} == ${True}">
<kw name="Click" library="Browser">
<arg>xpath=//*[@id="btnNext"]</arg>
<tag>PageContent</tag>
<tag>Setter</tag>
<doc>Simulates mouse click on the element found by ``selector``.</doc>
<msg timestamp="20230902 19:09:13.628" level="INFO">Highlighted 1 elements for 2000.</msg>
<status status="PASS" starttime="20230902 19:09:13.577" endtime="20230902 19:09:15.722"/>
</kw>
<kw name="Fill Text" library="Browser">
<arg>${INPUT_PASSWORD_LOGIN}</arg>
<arg>${PASSWORD}</arg>
<tag>PageContent</tag>
<tag>Setter</tag>
<doc>Clears and fills the given ``txt`` into the text field found by ``selector``.</doc>
<msg timestamp="20230902 19:09:15.727" level="INFO">Fills the text '@123@123' in the given field.</msg>
<msg timestamp="20230902 19:09:16.861" level="INFO">Highlighted 1 elements for 2000.</msg>
<status status="PASS" starttime="20230902 19:09:15.722" endtime="20230902 19:09:18.882"/>
</kw>
<status status="PASS" starttime="20230902 19:09:13.576" endtime="20230902 19:09:18.882"/>
</branch>
<branch type="ELSE">
<kw name="Fill Text" library="Browser">
<arg>${INPUT_PASSWORD_LOGIN}</arg>
<arg>${PASSWORD}</arg>
<tag>PageContent</tag>
<tag>Setter</tag>
<doc>Clears and fills the given ``txt`` into the text field found by ``selector``.</doc>
<status status="NOT RUN" starttime="20230902 19:09:18.882" endtime="20230902 19:09:18.883"/>
</kw>
<status status="NOT RUN" starttime="20230902 19:09:18.882" endtime="20230902 19:09:18.883"/>
</branch>
<status status="PASS" starttime="20230902 19:09:13.576" endtime="20230902 19:09:18.883"/>
</if>
<kw name="Click" library="Browser">
<arg>${BUTTON_LOGIN}</arg>
<tag>PageContent</tag>
<tag>Setter</tag>
<doc>Simulates mouse click on the element found by ``selector``.</doc>
<msg timestamp="20230902 19:09:18.945" level="INFO">Highlighted 1 elements for 2000.</msg>
<status status="PASS" starttime="20230902 19:09:18.883" endtime="20230902 19:09:22.309"/>
</kw>
<kw name="Get Title" library="Browser">
<var>${title}</var>
<arg>==</arg>
<arg>PayPal: Resumo</arg>
<tag>Assertion</tag>
<tag>Getter</tag>
<tag>PageContent</tag>
<doc>Returns the title of the current page.</doc>
<msg timestamp="20230902 19:09:22.327" level="INFO">Title: 'PayPal: Resumo'</msg>
<msg timestamp="20230902 19:09:22.327" level="INFO">${title} = PayPal: Resumo</msg>
<status status="PASS" starttime="20230902 19:09:22.309" endtime="20230902 19:09:22.327"/>
</kw>
<status status="PASS" starttime="20230902 19:09:08.928" endtime="20230902 19:09:22.327"/>
</kw>
<kw name="Close Browser" library="Browser" type="TEARDOWN">
<arg>ALL</arg>
<tag>BrowserControl</tag>
<tag>Setter</tag>
<doc>Closes the current browser.</doc>
<msg timestamp="20230902 19:09:22.631" level="INFO">Closed all browsers</msg>
<status status="PASS" starttime="20230902 19:09:22.328" endtime="20230902 19:09:22.631"/>
</kw>
<status status="PASS" starttime="20230902 19:09:06.637" endtime="20230902 19:09:22.631"/>
</test>
<status status="PASS" starttime="20230902 19:06:04.644" endtime="20230902 19:09:27.640"/>
</suite>
<statistics>
<total>
<stat pass="3" fail="0" skip="0">All Tests</stat>
</total>
<tag>
</tag>
<suite>
<stat pass="3" fail="0" skip="0" id="s1" name="Test">Test</stat>
</suite>
</statistics>
<errors>
</errors>
</robot>
